<?xml version="1.0" encoding="UTF-8"?>
<testsuite xmlns:xsi="http://www.w3.org/2001/XMLSchema-instance" xsi:noNamespaceSchemaLocation="https://maven.apache.org/surefire/maven-surefire-plugin/xsd/surefire-test-report.xsd" name="org.wit.repository.MealDAOTest" time="54.296" tests="13" errors="0" skipped="0" failures="0">
  <properties>
[...]
</properties>
  <testcase name="multiple meals added to table can be retrieved successfully" classname="org.wit.repository.MealDAOTest$CreateMealTracker" time="4.923"/>
  <testcase name="get meal by meal id that has no records, results in no record returned" classname="org.wit.repository.MealDAOTest$ReadMealTracker" time="4.112"/>
  <testcase name="get meal by user id that has no meals, results in no record returned" classname="org.wit.repository.MealDAOTest$ReadMealTracker" time="4.025"/>
  <testcase name="get meal by meal id that exists, results in a correct meal returned" classname="org.wit.repository.MealDAOTest$ReadMealTracker" time="4.219"/>
  <testcase name="get meal by user id that exists, results in a correct meal{s} returned" classname="org.wit.repository.MealDAOTest$ReadMealTracker" time="4.276"/>
  <testcase name="getting all activites from a populated table returns all rows" classname="org.wit.repository.MealDAOTest$ReadMealTracker" time="3.997"/>
  <testcase name="get all meals over empty table returns none" classname="org.wit.repository.MealDAOTest$ReadMealTracker" time="2.491"/>
  <testcase name="updating existing meal in table results in successful update" classname="org.wit.repository.MealDAOTest$UpdateMealTracker" time="4.198"/>
  <testcase name="updating non-existant meal in table results in no updates" classname="org.wit.repository.MealDAOTest$UpdateMealTracker" time="4.232"/>
  <testcase name="deleting a non-existant meal {by id} in table results in no deletion" classname="org.wit.repository.MealDAOTest$DeleteMealTracker" time="4.251"/>
  <testcase name="deleting meals when none exist for user id results in no deletion" classname="org.wit.repository.MealDAOTest$DeleteMealTracker" time="4.271"/>
  <testcase name="deleting an existing meal {by id} in table results in record being deleted" classname="org.wit.repository.MealDAOTest$DeleteMealTracker" time="4.273"/>
  <testcase name="deleting meals when 1 or more exist for user id results in deletion" classname="org.wit.repository.MealDAOTest$DeleteMealTracker" time="4.239"/>
</testsuite>