<?xml version="1.0" encoding="UTF-8"?>
<testsuite xmlns:xsi="http://www.w3.org/2001/XMLSchema-instance" xsi:noNamespaceSchemaLocation="https://maven.apache.org/surefire/maven-surefire-plugin/xsd/surefire-test-report.xsd" name="org.wit.repository.ActivitiesDAOTest" time="0.032" tests="1" errors="1" skipped="0" failures="0">
  <properties>
[...]
</properties>
  <testcase name="multiple activities added to table can be retrieved successfully" classname="org.wit.repository.ActivitiesDAOTest" time="0.03">
    <error type="java.lang.ExceptionInInitializerError">java.lang.ExceptionInInitializerError
	at org.wit.repository.ActivitiesDAOTest.populateUserTable$nijuHealthTrackerRest(ActivitiesDAOTest.kt:36)
	at org.wit.repository.ActivitiesDAOTest.multiple activities added to table can be retrieved successfully(ActivitiesDAOTest.kt:48)
Caused by: java.lang.IndexOutOfBoundsException: Index 0 out of bounds for length 0
	at org.wit.repository.ActivitiesDAOTest.populateUserTable$nijuHealthTrackerRest(ActivitiesDAOTest.kt:36)
	at org.wit.repository.ActivitiesDAOTest.multiple activities added to table can be retrieved successfully(ActivitiesDAOTest.kt:48)
</error>
  </testcase>
</testsuite>